(testenv) tlops@github:~/git/python_nbi_TAPVT25D/lektion-2025-09-15/testenv/addfunction$ pytest --cov=test__add_function
============================================================================================================ test session starts ============================================================================================================
platform linux -- Python 3.10.12, pytest-8.4.2, pluggy-1.6.0
rootdir: /tlops/git/python_nbi_TAPVT25D/lektion-2025-09-15/testenv/addfunction
plugins: cov-7.0.0
collected 5 items

test__add_function.py .....                                                                                                                                                                                                           [100%]

============================================================================================================== tests coverage ===============================================================================================================
_____________________________________________________________________________________________ coverage: platform linux, python 3.10.12-final-0 ______________________________________________________________________________________________

Name                    Stmts   Miss  Cover
-------------------------------------------
test__add_function.py      18      0   100%
-------------------------------------------
TOTAL                      18      0   100%
============================================================================================================= 5 passed in 0.08s ====================================================================================================
